[Message:   BepInEx] BepInEx 5.4.21.0 - Lethal Company (11/20/2023 12:33:57 AM)
[Info   :   BepInEx] Running under Unity v2022.3.9.15351836
[Info   :   BepInEx] CLR runtime version: 4.0.30319.42000
[Info   :   BepInEx] Supports SRE: True
[Info   :   BepInEx] System platform: Bits64, Windows
[Message:   BepInEx] Preloader started
[Info   :   BepInEx] Loaded 1 patcher method from [BepInEx.Preloader 5.4.21.0]
[Info   :   BepInEx] Loaded 1 patcher method from [BepInEx.MonoMod.HookGenPatcher 1.2.1.0]
[Info   :   BepInEx] 2 patcher plugins loaded
[Info   :HookGenPatcher] Previous MMHOOK location found. Using that location to save instead.
[Info   :HookGenPatcher] Already ran for this version, reusing that file.
[Info   :HookGenPatcher] Previous MMHOOK location found. Using that location to save instead.
[Info   :HookGenPatcher] Already ran for this version, reusing that file.
[Info   :HookGenPatcher] Previous MMHOOK location found. Using that location to save instead.
[Info   :HookGenPatcher] Already ran for this version, reusing that file.
[Info   :HookGenPatcher] Previous MMHOOK location found. Using that location to save instead.
[Info   :HookGenPatcher] Already ran for this version, reusing that file.
[Info   :HookGenPatcher] Previous MMHOOK location found. Using that location to save instead.
[Info   :HookGenPatcher] Already ran for this version, reusing that file.
[Info   :HookGenPatcher] Previous MMHOOK location found. Using that location to save instead.
[Info   :HookGenPatcher] Already ran for this version, reusing that file.
[Info   :   BepInEx] Patching [UnityEngine.CoreModule] with [BepInEx.Chainloader]
[Message:   BepInEx] Preloader finished
[Message:   BepInEx] Chainloader ready
[Message:   BepInEx] Chainloader started
[Info   :   BepInEx] 70 plugins to load
[Warning:   BepInEx] Plugin [EnemyScan 1.1.1] targets a wrong version of BepInEx (5.4.22.0) and might not work until you update
[Warning:   BepInEx] Plugin [LetMeLookDown 1.0.1] targets a wrong version of BepInEx (5.4.22.0) and might not work until you update
[Warning:   BepInEx] Plugin [Suit Saver 1.1.2] targets a wrong version of BepInEx (5.4.22.0) and might not work until you update
[Warning:   BepInEx] Plugin [HealthMetrics 1.0.0] targets a wrong version of BepInEx (5.4.22.0) and might not work until you update
[Warning:   BepInEx] Plugin [FOV Adjust 1.1.1] targets a wrong version of BepInEx (5.4.22.0) and might not work until you update
[Warning:   BepInEx] Plugin [Equipment Tweaks 1.0.0] targets a wrong version of BepInEx (5.4.22.0) and might not work until you update
[Warning:   BepInEx] Plugin [MoreEmotes-Sligili 1.2.0] targets a wrong version of BepInEx (5.4.22.0) and might not work until you update
[Warning:   BepInEx] Plugin [Health Station mod 1.0.0.1] targets a wrong version of BepInEx (5.4.22.0) and might not work until you update
[Warning:   BepInEx] Plugin [Strange Objects 1.2.0.0] targets a wrong version of BepInEx (5.4.22.0) and might not work until you update
[Info   :   BepInEx] Loading [Terminal Api 1.3.0]
[Info   :Terminal Api] Plugin TerminalApi is loaded!
[Info   :   BepInEx] Loading [EnemyScan 1.1.1]
[Message:Terminal Api] Not in game, waiting to be in game to add list keyword.
[Message:Terminal Api] Not in game, waiting to be in game to add enemies keyword.
[Info   :   BepInEx] Loading [Fnaf Power Outage 1.0.1]
[Info   :atg.FnafPowerOutage] Starting Fnaf Power Outage
[Info   :atg.FnafPowerOutage] C:\Users\rudy\AppData\Roaming\r2modmanPlus-local\LethalCompany\profiles\MPCB Modpack\BepInEx\plugins\atg-FnafPowerOutage\toreadormarch
[Info   :atg.FnafPowerOutage] FnafPowerOutage Mod is loaded
[Info   :   BepInEx] Loading [Terminal Clock 1.0.5]
[Info   :Terminal Clock] Plugin Terminal Clock is loaded!
[Info   :   BepInEx] Loading [Persistent Purchases 1.1.0]
[Warning:Persistent Purchases] Beginning transpilation of GameNetworkManager.ResetSavedGameValues()
[Info   :Persistent Purchases] Found ship object opcode at 62
[Info   :Persistent Purchases] Found placeable ship object data opcode at 77
[Info   :Persistent Purchases] Found placeable ship object data opcode at 88
[Info   :Persistent Purchases] Found placeable ship object data opcode at 99
[Info   :Persistent Purchases] Found placeable ship object data opcode at 110
[Warning:Persistent Purchases] Beginning transpilation of StartOfRound.ResetShip()
[Info   :Persistent Purchases] Found ship object prefab opcode at 75 (1)
[Info   :Persistent Purchases] Found ship object prefab opcode at 163 (1)
[Info   :Persistent Purchases] Found suit reset opcode at 240
[Warning:Persistent Purchases] Beginning transpilation of StartOfRound.SyncShipUnlockablesServerRpc()
[Warning:Persistent Purchases] This crash is not evading me
[Message:Persistent Purchases] Plugin Persistent Purchases is loaded!
[Info   :   BepInEx] Loading [BepInEx.MelonLoader.Loader.UnityMono 2.1.0]
[Message:MelonLoader] ------------------------------
[Message:MelonLoader] Game Name: Lethal Company
[Message:MelonLoader] Game Developer: ZeekerssRBLX
[Message:MelonLoader] Unity Version: 2022.3.9f1
[Message:MelonLoader] Game Version: UNKNOWN
[Message:MelonLoader] ------------------------------
[Message:MelonLoader] 
[Message:MelonLoader] Preferences Loaded!
[Message:MelonLoader] 
[Message:MelonLoader] Loading Plugins from 'F:\Game Files\Steam\steamapps\common\Lethal Company\MLLoader\Plugins'...
[Message:MelonLoader] 0 Plugins loaded.
[Message:MelonLoader] 
[Message:MelonLoader] Loading Mods from 'F:\Game Files\Steam\steamapps\common\Lethal Company\MLLoader\Mods'...
[Message:MelonLoader] 0 Mods loaded.
[Message:MelonLoader] 
[Error  :MelonLoader] Failed to Find SupportModules Directory!
[Info   :   BepInEx] Loading [BetterTeleporter 1.1.1]
[Info   :BetterTeleporter] Plugin BetterTeleporter is loaded!
[Info   :   BepInEx] Loading [Strange Objects 1.2.0.0]
[Info   :   BepInEx] Loading [BetterClock 1.0.3]
[Info   :BetterClock] Applying Harmony patches
[Info   :BetterClock] Patched HUDManager.SetClock
[Info   :BetterClock] Patched HUDManager.Awake
[Info   :BetterClock] Patched HUDManager.SetClockVisible
[Info   :BetterClock] Patched TimeOfDay.MoveTimeOfDay
[Info   :BetterClock] 4 patches applied
[Info   :   BepInEx] Loading [Boombox No Power 1.0.0.0]
[Info   :BoomBox.BoomBoxNoPower] Boombox No Power has awoken
[Info   :   BepInEx] Loading [BrutalCompanyPlus 3.3.1]
[Warning:BrutalCompanyPlus] Loaded Brutal Company Plus and applying patches.
[Info   :   BepInEx] Loading [Configuration Manager 18.1]
[Info   :   BepInEx] Loading [LC_API 2.1.4]
[Warning:    LC_API] 
.____    _________           _____  __________ .___  
|    |   \_   ___ \         /  _  \ \______   \|   | 
|    |   /    \  \/        /  /_\  \ |     ___/|   | 
|    |___\     \____      /    |    \|    |    |   | 
|_______ \\______  /______\____|__  /|____|    |___| 
        \/       \//_____/        \/                 
                                                     
[Info   :    LC_API] LC_API Starting up..
[Info   :   BepInEx] Loading [Coroner 1.0.0]
[Info   :   Coroner] Plugin Coroner (com.elitemastereric.coroner) is loaded!
[Info   :   Coroner] Checking for LC_API...
[Info   :   Coroner] LCAPI is present! LC_API:2.1.4
[Info   :   Coroner] Initializing DeathBroadcaster...
[Info   :   Coroner] LC_API is present! Registering signature...
[Info   :   BepInEx] Loading [MoreCompany 1.7.2]
[Info   :MoreCompany] Loading MoreCompany...
[Info   :MoreCompany] Checking: C:\Users\rudy\AppData\Roaming\r2modmanPlus-local\LethalCompany\profiles\MPCB Modpack\BepInEx\plugins/MoreCompanyCosmetics
[Info   :MoreCompany] Read settings and cosmetics
[Info   :MoreCompany] Loaded cosmetic: builtin.3dglasses from bundle
[Info   :MoreCompany] Loaded cosmetic: builtin.bunnyears from bundle
[Info   :MoreCompany] Loaded cosmetic: builtin.denimhat from bundle
[Info   :MoreCompany] Loaded cosmetic: builtin.fancyglasses from bundle
[Info   :MoreCompany] Loaded cosmetic: builtin.partyglasses from bundle
[Info   :MoreCompany] Loaded cosmetic: builtin.gunholster from bundle
[Info   :MoreCompany] Loaded cosmetic: builtin.hardhat from bundle
[Info   :MoreCompany] Loaded cosmetic: builtin.jesterhat from bundle
[Info   :MoreCompany] Loaded cosmetic: builtin.kittyears from bundle
[Info   :MoreCompany] Loaded cosmetic: builtin.mimemask from bundle
[Info   :MoreCompany] Loaded cosmetic: builtin.fancypants from bundle
[Info   :MoreCompany] Loaded cosmetic: builtin.outoforder from bundle
[Info   :MoreCompany] Loaded cosmetic: builtin.partyhat from bundle
[Info   :MoreCompany] Loaded cosmetic: builtin.plaguemask from bundle
[Info   :MoreCompany] Loaded cosmetic: builtin.propellerhat from bundle
[Info   :MoreCompany] Loaded cosmetic: builtin.eyeballs from bundle
[Info   :MoreCompany] Loaded cosmetic: builtin.rudolph from bundle
[Info   :MoreCompany] Loaded cosmetic: builtin.santahat from bundle
[Info   :MoreCompany] Loaded cosmetic: builtin.slimething from bundle
[Info   :MoreCompany] Loaded cosmetic: builtin.tophat from bundle
[Info   :MoreCompany] Loaded cosmetic: builtin.watch from bundle
[Info   :MoreCompany] Loading USER COSMETICS...
[Info   :MoreCompany] Loaded MoreCompany FULLY
[Info   :   BepInEx] Loading [EliteMasterEric's Wacky Cosmetics 1.0.0]
[Info   :EliteMasterEric's Wacky Cosmetics] Plugin EliteMasterEric's Wacky Cosmetics (com.elitemastereric.wackycosmetics) is loaded!
[Info   :EliteMasterEric's Wacky Cosmetics] Generating config entries for Wacky cosmetics.
[Info   :EliteMasterEric's Wacky Cosmetics] Loading Wacky cosmetics.
[Info   :EliteMasterEric's Wacky Cosmetics] Loaded Wacky cosmetic: wackycosmetics.burningflamesteamcaptain
[Info   :EliteMasterEric's Wacky Cosmetics] Loaded Wacky cosmetic: wackycosmetics.maxwell
[Info   :EliteMasterEric's Wacky Cosmetics] Loaded Wacky cosmetic: wackycosmetics.oscar
[Info   :EliteMasterEric's Wacky Cosmetics] Loaded Wacky cosmetic: wackycosmetics.tbhcreature
[Info   :EliteMasterEric's Wacky Cosmetics] Loaded Wacky cosmetic: wackycosmetics.toweringpillarofhats
[Info   :EliteMasterEric's Wacky Cosmetics] Loaded Wacky cosmetic: wackycosmetics.valkyriehelm
[Info   :   BepInEx] Loading [ShipLoot 1.0]
[Info   :   BepInEx] Loading [Custom Sounds 2.1.2]
[Info   :CustomSounds] Plugin CustomSounds is loaded!
[Info   :CustomSounds] "hideManagerGameObject" value not correctly set. Fixing it now.
[Info   :   BepInEx] Loading [Bigger Battery 1.0.2]
[Info   :Bigger Battery] Plugin Bigger Battery-1.0.2 loaded!
[Info   :   BepInEx] Loading [BetterLadders 1.2.2]
[Info   :BetterLadders] BetterLadders loaded!
[Info   :   BepInEx] Loading [MoreScreams 1.0.3]
[Info   :   BepInEx] Loading [EmployeeAssignments 1.0.4]
[Info   :   BepInEx] Loading [LethalLib 0.6.2]
[Info   : LethalLib] LethalLib loaded!!
[Info   :   BepInEx] Loading [LethalThings 0.7.1]
[Info   :LethalThings] Loaded asset bundle
[Info   :LethalThings] Registering shop item RocketLauncher with price 260
[Info   :LethalThings] Registering shop item ToyHammer with price 80
[Info   :LethalThings] Registering shop item RemoteRadar with price 240
[Info   :LethalThings] Registering shop item PouchyBelt with price 290
[Info   :LethalThings] Registering shop item HackingTool with price 190
[Info   :LethalThings] Custom content loaded!
[Info   :LethalThings] LethalThings loaded guh
[Info   :   BepInEx] Loading [BetterStamina 1.2.1]
[Info   :BetterStamina] BindingConfigs
[Info   :BetterStamina] BetterStamina loaded
[Info   :   BepInEx] Loading [FasterItemDropship 1.2.0]
[Info   :FasterItemDropship] BindingConfigs
[Info   :FasterItemDropship] FasterItemDropship loaded
[Info   :   BepInEx] Loading [HotbarPlus 1.3.2]
[Info   :HotbarPlus] BindingConfigs
[Info   :HotbarPlus] HotbarPlus loaded
[Info   :   BepInEx] Loading [LetMeLookDown 1.0.1]
[Info   :LetMeLookDown] LetMeLookDown mod loaded
[Info   :   BepInEx] Loading [MoreBlood 1.0.2]
[Info   : MoreBlood] BindingConfigs
[Info   : MoreBlood] MoreBlood loaded
[Info   :   BepInEx] Loading [ReservedItemSlotCore 1.4.4]
[Info   :ReservedItemSlotCore] BindingConfigs
[Info   :ReservedItemSlotCore] ReservedItemSlotCore loaded
[Info   :   BepInEx] Loading [ReservedFlashlightSlot 1.4.5]
[Info   :ReservedFlashlightSlot] BindingConfigs
[Info   :ReservedFlashlightSlot] ReservedFlashlightSlot loaded
[Info   :   BepInEx] Loading [ReservedWalkieSlot 1.4.6]
[Info   :ReservedWalkieSlot] BindingConfigs
[Info   :ReservedWalkieSlot] ReservedWalkieSlot loaded
[Info   :   BepInEx] Loading [SkipToMultiplayerMenu 1.0.0]
[Info   :SkipToMultiplayerMenu] SkipToMultiplayerMenu loaded
[Info   :   BepInEx] Loading [Suit Saver 1.1.2]
[Warning:Persistent Purchases] Beginning transpilation of StartOfRound.ResetShip()
[Info   :Persistent Purchases] Found ship object prefab opcode at 75 (1)
[Info   :Persistent Purchases] Found ship object prefab opcode at 163 (1)
[Info   :Persistent Purchases] Found suit reset opcode at 240
[Info   : Unity Log] [SS]: Suit Saver loaded successfully!
[Info   :   BepInEx] Loading [HideModList 1.0.0]
[Info   :HideModList] Plugin HideModList is loaded!
[Info   :   BepInEx] Loading [Equipment Tweaks 1.0.0]
[Info   :JPSilver.EquipmentTweaks] EquipmentTweaks is Awake
[Info   :   BepInEx] Loading [Graphics Settings 1.3]
[Info   :   BepInEx] Loading [BoomboxController 1.1.0]
[Info   :BoomboxController]  /$$$$$$$                                    /$$$$$$$                             /$$$$$$                        /$$                         /$$ /$$                    
[Info   :BoomboxController] | $$__  $$                                  | $$__  $$                           /$$__  $$                      | $$                        | $$| $$                    
[Info   :BoomboxController] | $$  \ $$  /$$$$$$   /$$$$$$  /$$$$$$/$$$$ | $$  \ $$  /$$$$$$  /$$   /$$      | $$  \__/  /$$$$$$  /$$$$$$$  /$$$$$$    /$$$$$$   /$$$$$$ | $$| $$  /$$$$$$   /$$$$$$ 
[Info   :BoomboxController] | $$$$$$$  /$$__  $$ /$$__  $$| $$_  $$_  $$| $$$$$$$  /$$__  $$|  $$ /$$/      | $$       /$$__  $$| $$__  $$|_  $$_/   /$$__  $$ /$$__  $$| $$| $$ /$$__  $$ /$$__  $$
[Info   :BoomboxController] | $$__  $$| $$  \ $$| $$  \ $$| $$ \ $$ \ $$| $$__  $$| $$  \ $$ \  $$$$/       | $$      | $$  \ $$| $$  \ $$  | $$    | $$  \__/| $$  \ $$| $$| $$| $$$$$$$$| $$  \__/
[Info   :BoomboxController] | $$  \ $$| $$  | $$| $$  | $$| $$ | $$ | $$| $$  \ $$| $$  | $$  >$$  $$       | $$    $$| $$  | $$| $$  | $$  | $$ /$$| $$      | $$  | $$| $$| $$| $$_____/| $$      
[Info   :BoomboxController] | $$$$$$$/|  $$$$$$/|  $$$$$$/| $$ | $$ | $$| $$$$$$$/|  $$$$$$/ /$$/\  $$      |  $$$$$$/|  $$$$$$/| $$  | $$  |  $$$$/| $$      |  $$$$$$/| $$| $$|  $$$$$$$| $$      
[Info   :BoomboxController] |_______/  \______/  \______/ |__/ |__/ |__/|_______/  \______/ |__/  \__/       \______/  \______/ |__/  |__/   \___/  |__/       \______/ |__/|__/ \_______/|__/      
[Info   :   BepInEx] Loading [LCBetterSaves 1.4.0]
[Info   :LCBetterSaves] Plugin LCBetterSaves is loaded!
[Info   :   BepInEx] Loading [LC Sound Tool 1.3.2]
[Info   :LCSoundTool] Plugin LCSoundTool is loaded!
[Info   :   BepInEx] Loading [LCUltrawide 1.1.1]
[Info   :LCUltrawide] Plugin LCUltrawide is loaded!
[Info   :   BepInEx] Loading [LethalAPI.TerminalCommands 1.1.0]
[Info   :LethalAPI.TerminalCommands] LethalAPI.TerminalCommands is loading...
[Info   :LethalAPI.TerminalCommands] Installing patches
[Info   :LethalAPI.TerminalCommands] Registering built-in Commands
[Info   :LethalAPI.TerminalCommands] Plugin LethalAPI.TerminalCommands is loaded!
[Info   :   BepInEx] Loading [LethalPosters 1.0.0]
[Info   :LethalPosters] Plugin LethalPosters (1.0.0) is loaded!
[Info   :   BepInEx] Loading [HealthMetrics 1.0.0]
[Info   :Matsuura.HealthMetrics] HealthMetrics Awake
[Info   :   BepInEx] Loading [HornMoan 2.1.0]
[Info   :MetalPipeSFX.HornMoan] The Moaning is Loading
[Info   :MetalPipeSFX.HornMoan] Loaded The Moaning Successfully
[Info   :   BepInEx] Loading [Hide Chat 1.0.0]
[Debug  :Miodec.HideChat] hidechat is awake
[Info   :   BepInEx] Loading [FixCentipedeLag 2023.12.7]
[Error  : Unity Log] NullReferenceException: Object reference not set to an instance of an object
Stack trace:
LC_Optim.Plugin.Debug (System.Object data, BepInEx.Logging.LogLevel logLevel) (at <73e44b71e2f746e5b02fc24470b69417>:IL_000C)
LC_Optim.Plugin.Awake () (at <73e44b71e2f746e5b02fc24470b69417>:IL_0069)
UnityEngine.GameObject:AddComponent(Type)
BepInEx.Bootstrap.Chainloader:Start()
UnityEngine.Rendering.HighDefinition.HDRenderPipelineAsset:OnEnable()

[Info   :   BepInEx] Loading [Jump Delay Patch 0.0.0.1]
[Info   :Jump Delay Patch] Plugin JumpDelayPatch is loaded!
[Info   :   BepInEx] Loading [MoreEmotes-Sligili 1.2.0]
[Info   :MoreEmotes-Sligili] MoreEmotes loaded
[Info   :   BepInEx] Loading [MoreItems 1.0.0]
[Info   : MoreItems] Plugin MoreItems is loaded!
[Info   :   BepInEx] Loading [MovementCompany 1.0.0]
[Info   :MovementCompany] Plugin MovementCompany is loaded!
[Info   :   BepInEx] Loading [BepInUtils 1.2.0]
[Info   :BepInUtils] System loaded.
[Info   :   BepInEx] Loading [Glow Steps 1.1.2]
[Info   :Glow Steps] [Production] Patched class FootstepPatcher, containing 2 methods.
[Info   :   BepInEx] Loading [Health Station mod 1.0.0.1]
[Info   :Octolar.Healthstation] Octolar HealthStation mod is now active
[Info   :   BepInEx] Loading [Better Item Scan 2.1.0.0]
[Info   :PopleZoo.BetterItemScan] Plugin BetterItemScan is loaded!
[Info   :   BepInEx] Loading [PushCompany 1.2.0]
[Info   :PushCompany] PushCompany has initialized!
[Info   :   BepInEx] Loading [Helmet_Cameras 2.1.5]
[Info   :Helmet_Cameras] Plugin Helmet_Cameras is loaded with version 2.1.5!
[Info   :Helmet_Cameras] --------Helmet camera patch done.---------
[Info   :   BepInEx] Loading [FOV Adjust 1.1.1]
[Info   :Rozebud.FovAdjust] Starting.
[Info   :Rozebud.FovAdjust] Configs DONE!
[Info   :Rozebud.FovAdjust] All FOV Adjust patches have loaded successfully.
[Info   :   BepInEx] Loading [Skinwalker Mod 1.0.8]
[Info   :RugbugRedfern.SkinwalkerMod] SKINWALKER MOD STARTING UP 1.0.8
[Info   :RugbugRedfern.SkinwalkerMod] VoiceEnabled_BaboonHawk VALUE LOADED FROM CONFIG: [True]
[Info   :RugbugRedfern.SkinwalkerMod] VoiceEnabled_Bracken VALUE LOADED FROM CONFIG: [True]
[Info   :RugbugRedfern.SkinwalkerMod] VoiceEnabled_BunkerSpider VALUE LOADED FROM CONFIG: [True]
[Info   :RugbugRedfern.SkinwalkerMod] VoiceEnabled_Centipede VALUE LOADED FROM CONFIG: [True]
[Info   :RugbugRedfern.SkinwalkerMod] VoiceEnabled_CoilHead VALUE LOADED FROM CONFIG: [True]
[Info   :RugbugRedfern.SkinwalkerMod] VoiceEnabled_EyelessDog VALUE LOADED FROM CONFIG: [True]
[Info   :RugbugRedfern.SkinwalkerMod] VoiceEnabled_ForestGiant VALUE LOADED FROM CONFIG: [False]
[Info   :RugbugRedfern.SkinwalkerMod] VoiceEnabled_GhostGirl VALUE LOADED FROM CONFIG: [True]
[Info   :RugbugRedfern.SkinwalkerMod] VoiceEnabled_GiantWorm VALUE LOADED FROM CONFIG: [False]
[Info   :RugbugRedfern.SkinwalkerMod] VoiceEnabled_HoardingBug VALUE LOADED FROM CONFIG: [True]
[Info   :RugbugRedfern.SkinwalkerMod] VoiceEnabled_Hygrodere VALUE LOADED FROM CONFIG: [False]
[Info   :RugbugRedfern.SkinwalkerMod] VoiceEnabled_Jester VALUE LOADED FROM CONFIG: [True]
[Info   :RugbugRedfern.SkinwalkerMod] VoiceEnabled_Masked VALUE LOADED FROM CONFIG: [True]
[Info   :RugbugRedfern.SkinwalkerMod] VoiceEnabled_Nutcracker VALUE LOADED FROM CONFIG: [True]
[Info   :RugbugRedfern.SkinwalkerMod] VoiceEnabled_SporeLizard VALUE LOADED FROM CONFIG: [True]
[Info   :RugbugRedfern.SkinwalkerMod] VoiceEnabled_Thumper VALUE LOADED FROM CONFIG: [True]
[Info   :RugbugRedfern.SkinwalkerMod] VoiceLineFrequency VALUE LOADED FROM CONFIG: [1]
[Info   :RugbugRedfern.SkinwalkerMod] Skinwalker Mod Object Initialized
[Info   :   BepInEx] Loading [SpectateEnemy 1.5.0]
[Info   :SpectateEnemy] SpectateEnemy loaded!
[Info   :   BepInEx] Loading [Bonk Hit SFX 1.0.4]
[Info   :sunnobunno.bonkhitsfx] sunnobunno.bonkhitsfx is loading.
[Info   :sunnobunno.bonkhitsfx] sunnobunno.bonkhitsfx is loaded. Ow.
[Info   :   BepInEx] Loading [Scaling Start Credits 1.0.1]
[Info   :sunnobunno.scalingstartcredits] sunnobunno.scalingstartcredits is loading.
[Info   :sunnobunno.scalingstartcredits] sunnobunno.scalingstartcredits is loaded.
[Info   :   BepInEx] Loading [Yippee tbh mod 1.2.2]
[Info   :sunnobunno.YippeeMod] sunnobunno.YippeeMod is loading.
[Info   :sunnobunno.YippeeMod] sunnobunno.YippeeMod is loaded. Yippee!!!
[Info   :   BepInEx] Loading [Remote Remaster 1.0.1.0]
[Info   :SZAKI.RemoteRemaster] Successfully awaken!
[Info   :   BepInEx] Loading [NameplateTweaks 1.0.2]
[Info   :NameplateTweaks] Loading taffyko.NameplateTweaks
[Info   :   BepInEx] Loading [Late Company 1.0.6]
[Info   :Late Company] Late Company loaded!
[Info   :   BepInEx] Loading [Terminal Extras 1.0.1]
[Info   :   BepInEx] Loading [Mimics 2.2.0]
[Info   :    Mimics] Plugin Mimics is loaded!
[Info   :   BepInEx] Loading [More Suits 1.4.1]
[Info   :More Suits] Plugin More Suits is loaded!
[Info   :   BepInEx] Loading [LoudMeter 1.0.1]
[Message:   BepInEx] Chainloader startup complete
[Info   :SkipToMultiplayerMenu] Loading GameManager in InitScene.
[Info   : Unity Log] Changing gamma
[Info   : Unity Log] override float value: 0
[Info   : Unity Log] Overriding float
[Info   : Unity Log] Gamma changed
[Info   : Unity Log] Set gamma to new value: 0; (0.00, 0.00, 0.00, 0.00) (True)
[Info   : Unity Log] subcribing to steam callbacks
[Info   : Unity Log] Changing gamma
[Info   : Unity Log] override float value: 0
[Info   : Unity Log] Overriding float
[Info   : Unity Log] Gamma changed
[Info   : Unity Log] Set gamma to new value: 0; (0.00, 0.00, 0.00, 0.00) (True)
[Info   :BrutalCompanyPlus] Attempting to Initialize BrutalPlus
[Warning:BrutalCompanyPlus] Brutal Plus is Awake
[Message:    LC_API] BundleAPI will now load all asset bundles...
[Message:    LC_API] BundleAPI got no assets to load from legacy directory
[Message:    LC_API] BundleAPI got 6 AssetBundles to load!
[Error  : Unity Log] The AssetBundle 'C:\Users\rudy\AppData\Roaming\r2modmanPlus-local\LethalCompany\profiles\MPCB Modpack\BepInEx\plugins\atg-FnafPowerOutage\toreadormarch' can't be loaded because another AssetBundle with the same files is already loaded.
[Error  :    LC_API] Failed to load an assetbundle! Path: C:\Users\rudy\AppData\Roaming\r2modmanPlus-local\LethalCompany\profiles\MPCB Modpack\BepInEx\plugins\atg-FnafPowerOutage\toreadormarch
[Error  : Unity Log] The AssetBundle 'C:\Users\rudy\AppData\Roaming\r2modmanPlus-local\LethalCompany\profiles\MPCB Modpack\BepInEx\plugins\sunnobunno-BonkHitSFX\bonkhitsfx' can't be loaded because another AssetBundle with the same files is already loaded.
[Error  :    LC_API] Failed to load an assetbundle! Path: C:\Users\rudy\AppData\Roaming\r2modmanPlus-local\LethalCompany\profiles\MPCB Modpack\BepInEx\plugins\sunnobunno-BonkHitSFX\bonkhitsfx
[Error  : Unity Log] The AssetBundle 'C:\Users\rudy\AppData\Roaming\r2modmanPlus-local\LethalCompany\profiles\MPCB Modpack\BepInEx\plugins\sunnobunno-YippeeMod\yippeesound' can't be loaded because another AssetBundle with the same files is already loaded.
[Error  :    LC_API] Failed to load an assetbundle! Path: C:\Users\rudy\AppData\Roaming\r2modmanPlus-local\LethalCompany\profiles\MPCB Modpack\BepInEx\plugins\sunnobunno-YippeeMod\yippeesound
[Error  : Unity Log] The AssetBundle 'C:\Users\rudy\AppData\Roaming\r2modmanPlus-local\LethalCompany\profiles\MPCB Modpack\BepInEx\plugins\Evaisa-LethalThings\LethalThings\lethalthings' can't be loaded because another AssetBundle with the same files is already loaded.
[Error  :    LC_API] Failed to load an assetbundle! Path: C:\Users\rudy\AppData\Roaming\r2modmanPlus-local\LethalCompany\profiles\MPCB Modpack\BepInEx\plugins\Evaisa-LethalThings\LethalThings\lethalthings
[Error  : Unity Log] The AssetBundle 'C:\Users\rudy\AppData\Roaming\r2modmanPlus-local\LethalCompany\profiles\MPCB Modpack\BepInEx\plugins\Sligili-More_Emotes\MoreEmotes\animationsbundle' can't be loaded because another AssetBundle with the same files is already loaded.
[Error  :    LC_API] Failed to load an assetbundle! Path: C:\Users\rudy\AppData\Roaming\r2modmanPlus-local\LethalCompany\profiles\MPCB Modpack\BepInEx\plugins\Sligili-More_Emotes\MoreEmotes\animationsbundle
[Error  : Unity Log] The AssetBundle 'C:\Users\rudy\AppData\Roaming\r2modmanPlus-local\LethalCompany\profiles\MPCB Modpack\BepInEx\plugins\Sligili-More_Emotes\MoreEmotes\animatorbundle' can't be loaded because another AssetBundle with the same files is already loaded.
[Error  :    LC_API] Failed to load an assetbundle! Path: C:\Users\rudy\AppData\Roaming\r2modmanPlus-local\LethalCompany\profiles\MPCB Modpack\BepInEx\plugins\Sligili-More_Emotes\MoreEmotes\animatorbundle
[Message:    LC_API] BundleAPI finished loading all assets.
[Message:    LC_API] BundleAPI finished loading all assets.
[Info   :    LC_API] LC_API Started!
[Info   :CustomSounds] Temporary folder: C:\Users\rudy\AppData\Roaming\r2modmanPlus-local\LethalCompany\profiles\MPCB Modpack\BepInEx\plugins\Clementinise-CustomSounds\CustomSounds\Temporary-Sync
[Warning:LCSoundTool] Legacy path contains the requested audio file at path C:\Users\rudy\AppData\Roaming\r2modmanPlus-local\LethalCompany\profiles\MPCB Modpack\BepInEx\plugins\FutureSavior-CrankThatJester\CustomSounds\CrankThatJester\JackInTheBoxTheme.wav!
[Debug  :LCSoundTool] Loading AudioClip C:\Users\rudy\AppData\Roaming\r2modmanPlus-local\LethalCompany\profiles\MPCB Modpack\BepInEx\plugins\FutureSavior-CrankThatJester\CustomSounds\CrankThatJester\JackInTheBoxTheme.wav from legacy path: C:\Users\rudy\AppData\Roaming\r2modmanPlus-local\LethalCompany\profiles\MPCB Modpack\BepInEx\plugins\FutureSavior-CrankThatJester\CustomSounds\CrankThatJester\JackInTheBoxTheme.wav
[Debug  :LCSoundTool] Finished loading AudioClip C:\Users\rudy\AppData\Roaming\r2modmanPlus-local\LethalCompany\profiles\MPCB Modpack\BepInEx\plugins\FutureSavior-CrankThatJester\CustomSounds\CrankThatJester\JackInTheBoxTheme.wav with length of 44.072!
[Info   :CustomSounds] [CrankThatJester] JackInTheBoxTheme sound replaced!
[Warning:LCSoundTool] Legacy path contains the requested audio file at path C:\Users\rudy\AppData\Roaming\r2modmanPlus-local\LethalCompany\profiles\MPCB Modpack\BepInEx\plugins\FutureSavior-CrankThatJester\CustomSounds\CrankThatJester\Pop1.wav!
[Debug  :LCSoundTool] Loading AudioClip C:\Users\rudy\AppData\Roaming\r2modmanPlus-local\LethalCompany\profiles\MPCB Modpack\BepInEx\plugins\FutureSavior-CrankThatJester\CustomSounds\CrankThatJester\Pop1.wav from legacy path: C:\Users\rudy\AppData\Roaming\r2modmanPlus-local\LethalCompany\profiles\MPCB Modpack\BepInEx\plugins\FutureSavior-CrankThatJester\CustomSounds\CrankThatJester\Pop1.wav
[Debug  :LCSoundTool] Finished loading AudioClip C:\Users\rudy\AppData\Roaming\r2modmanPlus-local\LethalCompany\profiles\MPCB Modpack\BepInEx\plugins\FutureSavior-CrankThatJester\CustomSounds\CrankThatJester\Pop1.wav with length of 1.636!
[Info   :CustomSounds] [CrankThatJester] Pop1 sound replaced!
[Warning:LCSoundTool] Legacy path contains the requested audio file at path C:\Users\rudy\AppData\Roaming\r2modmanPlus-local\LethalCompany\profiles\MPCB Modpack\BepInEx\plugins\FutureSavior-CrankThatJester\CustomSounds\CrankThatJester\Scream1.wav!
[Debug  :LCSoundTool] Loading AudioClip C:\Users\rudy\AppData\Roaming\r2modmanPlus-local\LethalCompany\profiles\MPCB Modpack\BepInEx\plugins\FutureSavior-CrankThatJester\CustomSounds\CrankThatJester\Scream1.wav from legacy path: C:\Users\rudy\AppData\Roaming\r2modmanPlus-local\LethalCompany\profiles\MPCB Modpack\BepInEx\plugins\FutureSavior-CrankThatJester\CustomSounds\CrankThatJester\Scream1.wav
[Debug  :LCSoundTool] Finished loading AudioClip C:\Users\rudy\AppData\Roaming\r2modmanPlus-local\LethalCompany\profiles\MPCB Modpack\BepInEx\plugins\FutureSavior-CrankThatJester\CustomSounds\CrankThatJester\Scream1.wav with length of 27.47!
[Info   :CustomSounds] [CrankThatJester] Scream1 sound replaced!
[Info   :EmployeeAssignments] Plugin EmployeeAssignments is loaded!
[Warning:LCSoundTool] Networking disabled. Mod in fully client side mode, but no networked actions can take place!
[Info   :CustomSounds] Created AudioNetworkHandler prefab
[Info   :SkipToMultiplayerMenu] Skipping to MainMenu scene.
[Error  : Unity Log] Panel label not found.
[Error  : Unity Log] Delete file game object not found.
[Error  : Unity Log] Error occurred while refreshing save buttons: Object reference not set to an instance of an object
[Error  : Unity Log] Error occurred while updating files panel rect: Failed to find FilesPanel RectTransform.
[Debug  :   BepInEx] [UnityInput] Unknown key name: OEM1, skipping remapping
[Debug  :   BepInEx] [UnityInput] Unknown key name: OEM2, skipping remapping
[Debug  :   BepInEx] [UnityInput] Unknown key name: OEM3, skipping remapping
[Debug  :   BepInEx] [UnityInput] Unknown key name: OEM4, skipping remapping
[Debug  :   BepInEx] [UnityInput] Unknown key name: OEM5, skipping remapping
[Debug  :   BepInEx] [UnityInput] Unknown key name: IMESelected, skipping remapping
[Debug  :   BepInEx] [UnityInput] Using NewInputSystem
[Info   : Unity Log] [FacepunchTransport] - Initialized access to Steam Relay Network.
[Info   : Unity Log] [FacepunchTransport] - Fetched user Steam ID.
[Info   : Unity Log] Set version num
[Info   : Unity Log] Changing gamma
[Info   : Unity Log] override float value: 0
[Info   : Unity Log] Overriding float
[Info   : Unity Log] Gamma changed
[Info   : Unity Log] Set gamma to new value: 0; (0.00, 0.00, 0.00, 0.00) (True)
[Info   : Unity Log] Positioning based on 4 saves.
[Info   : Unity Log] Found file: LCSaveFile0
[Info   : Unity Log] Found file: LCSaveFile1
[Info   : Unity Log] Found file: LCSaveFile2
[Info   : Unity Log] Found file: LCSaveFile3
[Info   : Unity Log] Found LGU file: LGU_4
[Info   : Unity Log] Found LGU file: LGU_5
[Info   : Unity Log] Renamed LCSaveFile0 to TempFile0
[Info   : Unity Log] Renamed LCSaveFile1 to TempFile1
[Info   : Unity Log] Renamed LCSaveFile2 to TempFile2
[Info   : Unity Log] Renamed LCSaveFile3 to TempFile3
[Info   : Unity Log] Renamed LGU_4 to LGUTempFile4
[Info   : Unity Log] Renamed LGU_5 to LGUTempFile5
[Info   : Unity Log] Renamed TempFile0 to LCSaveFile0
[Info   : Unity Log] Renamed TempFile1 to LCSaveFile1
[Info   : Unity Log] Renamed TempFile2 to LCSaveFile2
[Info   : Unity Log] Renamed TempFile3 to LCSaveFile3
[Info   : Unity Log] Renamed LGUTempFile4 to LGU_4
[Info   : Unity Log] Renamed LGUTempFile5 to LGU_5
[Error  : Unity Log] Error occurred while refreshing save buttons: Input string was not in a correct format.
